<?xml version="1.0" encoding="UTF-8"?>
<!-- Generated by org.testng.reporters.JUnitReportReporter -->
<testsuite hostname="L-INE-6GRQVG3" failures="0" tests="1" name="test2" time="3.682" errors="0" timestamp="2023-09-04T17:32:08 IST" skipped="0">
  <testcase classname="test2" name="f" time="3.682"/>
</testsuite> <!-- test2 -->
