<?xml version="1.0" encoding="UTF-8"?>
<!-- Generated by org.testng.reporters.JUnitReportReporter -->
<testsuite hostname="L-INE-6GRQVG3" failures="0" tests="2" name="GroupMethod" time="6.021" errors="0" timestamp="2023-09-04T17:56:11 IST" skipped="0">
  <testcase classname="GroupMethod" name="f1" time="3.964"/>
  <testcase classname="GroupMethod" name="f2" time="2.057"/>
</testsuite> <!-- GroupMethod -->
