<?xml version="1.0" encoding="UTF-8"?>
<!-- Generated by org.testng.reporters.JUnitReportReporter -->
<testsuite hostname="L-INE-6GRQVG3" failures="0" tests="2" name="testing1" time="9.722" errors="0" timestamp="2023-09-04T14:00:34 IST" skipped="0">
  <testcase classname="testing1" name="f" time="6.002"/>
  <testcase classname="testing1" name="f1" time="3.720"/>
</testsuite> <!-- testing1 -->
