<?xml version="1.0" encoding="UTF-8"?>
<!-- Generated by org.testng.reporters.JUnitReportReporter -->
<testsuite hostname="L-INE-6GRQVG3" failures="0" tests="2" name="test1" time="9.590" errors="0" timestamp="2023-09-05T09:44:37 IST" skipped="0">
  <testcase classname="test1" name="f1" time="3.658"/>
  <testcase classname="test1" name="f" time="5.932"/>
</testsuite> <!-- test1 -->
