<?xml version="1.0" encoding="UTF-8"?>
<!-- Generated by org.testng.reporters.JUnitReportReporter -->
<testsuite hostname="L-INE-6GRQVG3" failures="0" tests="2" name="AssertEquals" time="12.583" errors="0" timestamp="2023-09-04T17:09:47 IST" skipped="0">
  <testcase classname="AssertEquals" name="f1" time="5.632"/>
  <testcase classname="AssertEquals" name="f" time="6.951"/>
</testsuite> <!-- AssertEquals -->
