<?xml version="1.0" encoding="UTF-8"?>
<!-- Generated by org.testng.reporters.JUnitReportReporter -->
<testsuite hostname="L-INE-6GRQVG3" failures="0" tests="1" name="New_Project.New_Project.First_Test" time="7.464" errors="0" timestamp="2023-09-06T12:30:03 IST" skipped="0">
  <testcase classname="New_Project.New_Project.First_Test" name="f" time="7.464"/>
</testsuite> <!-- New_Project.New_Project.First_Test -->
