<?xml version="1.0" encoding="UTF-8"?>
<!-- Generated by org.testng.reporters.JUnitReportReporter -->
<testsuite hostname="L-INE-6GRQVG3" failures="0" tests="1" name="New_Project.New_Project.Listener1" time="6.379" errors="0" timestamp="2023-09-06T15:06:25 IST" skipped="0">
  <testcase classname="New_Project.New_Project.Listener1" name="f" time="6.379"/>
</testsuite> <!-- New_Project.New_Project.Listener1 -->
